<?xml version="1.0" encoding="UTF-8"?>
<testng-results skipped="0" failed="0" ignored="0" total="1" passed="1">
  <reporter-output>
  </reporter-output>
  <suite name="Default suite" duration-ms="38080" started-at="2019-10-29T13:07:53 IST" finished-at="2019-10-29T13:08:31 IST">
    <groups>
    </groups>
    <test name="Default test" duration-ms="38080" started-at="2019-10-29T13:07:53 IST" finished-at="2019-10-29T13:08:31 IST">
      <class name="com.training.sanity.tests.LoginTests">
        <test-method status="PASS" signature="setUpBeforeClass()[pri:0, instance:com.training.sanity.tests.LoginTests@1efed156]" name="setUpBeforeClass" is-config="true" duration-ms="23" started-at="2019-10-29T13:07:53 IST" finished-at="2019-10-29T13:07:53 IST">
          <reporter-output>
          </reporter-output>
        </test-method> <!-- setUpBeforeClass -->
        <test-method status="PASS" signature="setUp()[pri:0, instance:com.training.sanity.tests.LoginTests@1efed156]" name="setUp" is-config="true" duration-ms="11600" started-at="2019-10-29T13:07:53 IST" finished-at="2019-10-29T13:08:05 IST">
          <reporter-output>
          </reporter-output>
        </test-method> <!-- setUp -->
        <test-method status="PASS" signature="validLoginTest()[pri:0, instance:com.training.sanity.tests.LoginTests@1efed156]" name="validLoginTest" duration-ms="24086" started-at="2019-10-29T13:08:05 IST" finished-at="2019-10-29T13:08:29 IST">
          <reporter-output>
          </reporter-output>
        </test-method> <!-- validLoginTest -->
        <test-method status="PASS" signature="tearDown()[pri:0, instance:com.training.sanity.tests.LoginTests@1efed156]" name="tearDown" is-config="true" duration-ms="2293" started-at="2019-10-29T13:08:29 IST" finished-at="2019-10-29T13:08:31 IST">
          <reporter-output>
          </reporter-output>
        </test-method> <!-- tearDown -->
      </class> <!-- com.training.sanity.tests.LoginTests -->
    </test> <!-- Default test -->
  </suite> <!-- Default suite -->
</testng-results>
