<?xml version="1.0" encoding="UTF-8"?>
<testng-results skipped="0" failed="0" ignored="0" total="1" passed="1">
  <reporter-output>
  </reporter-output>
  <suite name="Default suite" duration-ms="25931" started-at="2019-10-30T10:40:44 IST" finished-at="2019-10-30T10:41:10 IST">
    <groups>
    </groups>
    <test name="Default test" duration-ms="25931" started-at="2019-10-30T10:40:44 IST" finished-at="2019-10-30T10:41:10 IST">
      <class name="com.training.sanity.tests.ELearning_DeleteCourse_ELTC_021">
        <test-method status="PASS" signature="setUpBeforeClass()[pri:0, instance:com.training.sanity.tests.ELearning_DeleteCourse_ELTC_021@1efed156]" name="setUpBeforeClass" is-config="true" duration-ms="13" started-at="2019-10-30T10:40:44 IST" finished-at="2019-10-30T10:40:44 IST">
          <reporter-output>
          </reporter-output>
        </test-method> <!-- setUpBeforeClass -->
        <test-method status="PASS" signature="setUp()[pri:0, instance:com.training.sanity.tests.ELearning_DeleteCourse_ELTC_021@1efed156]" name="setUp" is-config="true" duration-ms="11036" started-at="2019-10-30T10:40:44 IST" finished-at="2019-10-30T10:40:55 IST">
          <reporter-output>
          </reporter-output>
        </test-method> <!-- setUp -->
        <test-method status="PASS" signature="validLoginTest()[pri:0, instance:com.training.sanity.tests.ELearning_DeleteCourse_ELTC_021@1efed156]" name="validLoginTest" duration-ms="13263" started-at="2019-10-30T10:40:55 IST" finished-at="2019-10-30T10:41:08 IST">
          <reporter-output>
          </reporter-output>
        </test-method> <!-- validLoginTest -->
        <test-method status="PASS" signature="tearDown()[pri:0, instance:com.training.sanity.tests.ELearning_DeleteCourse_ELTC_021@1efed156]" name="tearDown" is-config="true" duration-ms="1563" started-at="2019-10-30T10:41:08 IST" finished-at="2019-10-30T10:41:10 IST">
          <reporter-output>
          </reporter-output>
        </test-method> <!-- tearDown -->
      </class> <!-- com.training.sanity.tests.ELearning_DeleteCourse_ELTC_021 -->
    </test> <!-- Default test -->
  </suite> <!-- Default suite -->
</testng-results>
